<?xml version="1.0" encoding="UTF-8"?>
<!-- Generated by org.testng.reporters.JUnitReportReporter -->
<testsuite hostname="MT-PG02HEP4" failures="0" tests="1" name="Milestone.MilestoneAssess3.AppTest" time="0.049" errors="0" timestamp="2021-10-29T12:44:13 IST" skipped="0">
  <testcase classname="Milestone.MilestoneAssess3.AppTest" name="shouldAnswerWithTrue" time="0.049"/>
  <system-out/>
</testsuite> <!-- Milestone.MilestoneAssess3.AppTest -->
