<?xml version="1.0" encoding="UTF-8"?>
<!-- Generated by org.testng.reporters.JUnitReportReporter -->
<testsuite hostname="MT-PG02HEP4" failures="0" tests="1" name="ContactTest.Contacted" time="31.669" errors="0" timestamp="2021-10-29T12:47:59 IST" skipped="0">
  <testcase classname="ContactTest.Contacted" name="ContactSetup" time="31.669"/>
  <system-out/>
</testsuite> <!-- ContactTest.Contacted -->
