<?xml version="1.0" encoding="UTF-8"?>
<!-- Generated by org.testng.reporters.JUnitReportReporter -->
<testsuite hostname="MT-PG02HEP4" failures="0" tests="1" name="ApointTest.Appointment" time="36.309" errors="0" timestamp="2021-10-29T12:47:59 IST" skipped="0">
  <testcase classname="ApointTest.Appointment" name="AppointSetup" time="36.309"/>
  <system-out/>
</testsuite> <!-- ApointTest.Appointment -->
