<?xml version="1.0" encoding="UTF-8"?>
<!-- Generated by org.testng.reporters.JUnitReportReporter -->
<testsuite hostname="MT-PG02HEP4" failures="0" tests="1" name="BaseTesting.BaseTest" time="58.150" errors="0" timestamp="2021-10-29T13:04:31 IST" skipped="0">
  <testcase classname="BaseTesting.BaseTest" name="TestSetup" time="58.150"/>
  <system-out/>
</testsuite> <!-- BaseTesting.BaseTest -->
