<?xml version="1.0" encoding="UTF-8"?>
<!-- Generated by org.testng.reporters.JUnitReportReporter -->
<testsuite hostname="MT-PG02HEP4" failures="0" tests="1" name="BaseTesting.BaseTest" time="47.874" errors="0" timestamp="2021-10-29T12:44:12 IST" skipped="0">
  <testcase classname="BaseTesting.BaseTest" name="TestSetup" time="47.874"/>
  <system-out/>
</testsuite> <!-- BaseTesting.BaseTest -->
